<?xml version="1.0" encoding="UTF-8"?>
<!-- Generated by org.testng.reporters.JUnitReportReporter -->
<testsuite skipped="1" hostname="DESKTOP-LA17J7K" name="Secondtestbase.Scope" tests="6" failures="0" timestamp="2020-01-31T18:16:43 EST" time="8.756" errors="0">
  <testcase name="personalloan" time="0.000" classname="Secondtestbase.Scope"/>
  <testcase name="homelogin" time="5.094" classname="Secondtestbase.Scope"/>
  <testcase name="login" time="3.647" classname="Secondtestbase.Scope"/>
  <testcase name="software" time="0.000" classname="Secondtestbase.Scope"/>
  <testcase name="manager" time="0.015" classname="Secondtestbase.Scope"/>
  <testcase name="mobileLogin" classname="Secondtestbase.Scope">
    <skipped/>
  </testcase> <!-- mobileLogin -->
</testsuite> <!-- Secondtestbase.Scope -->
